| time |   in   |load |  out   |
| 0+   |      0 |  0  |      0 |
| 1    |      0 |  0  |      0 |
| 1+   |      0 |  1  |      0 |
| 2    |      0 |  1  |      0 |
| 2+   | -32123 |  0  |      0 |
| 3    | -32123 |  0  |      0 |
| 3+   |  11111 |  0  |      0 |
| 4    |  11111 |  0  |      0 |
| 4+   | -32123 |  1  |      0 |
| 5    | -32123 |  1  |      0 |
| 5+   | -32123 |  1  |      0 |
| 6    | -32123 |  1  |      0 |
| 6+   | -32123 |  0  |      0 |
| 7    | -32123 |  0  |      0 |
| 7+   |  12345 |  1  |      0 |
| 8    |  12345 |  1  |      0 |
| 8+   |      0 |  0  |      0 |
| 9    |      0 |  0  |      0 |
| 9+   |      0 |  1  |      0 |
| 10   |      0 |  1  |      0 |
| 10+  |      1 |  0  |      0 |
| 11   |      1 |  0  |      0 |
| 11+  |      1 |  1  |      0 |
| 12   |      1 |  1  |      0 |
| 12+  |      2 |  0  |      0 |
| 13   |      2 |  0  |      0 |
| 13+  |      2 |  1  |      0 |
| 14   |      2 |  1  |      0 |
| 14+  |      4 |  0  |      0 |
| 15   |      4 |  0  |      0 |
| 15+  |      4 |  1  |      0 |
| 16   |      4 |  1  |      0 |
| 16+  |      8 |  0  |      0 |
| 17   |      8 |  0  |      0 |
| 17+  |      8 |  1  |      0 |
| 18   |      8 |  1  |      0 |
| 18+  |     16 |  0  |      0 |
| 19   |     16 |  0  |      0 |
| 19+  |     16 |  1  |      0 |
| 20   |     16 |  1  |      0 |
| 20+  |     32 |  0  |      0 |
| 21   |     32 |  0  |      0 |
| 21+  |     32 |  1  |      0 |
| 22   |     32 |  1  |      0 |
| 22+  |     64 |  0  |      0 |
| 23   |     64 |  0  |      0 |
| 23+  |     64 |  1  |      0 |
| 24   |     64 |  1  |      0 |
| 24+  |    128 |  0  |      0 |
| 25   |    128 |  0  |      0 |
| 25+  |    128 |  1  |      0 |
| 26   |    128 |  1  |      0 |
| 26+  |    256 |  0  |      0 |
| 27   |    256 |  0  |      0 |
| 27+  |    256 |  1  |      0 |
| 28   |    256 |  1  |      0 |
| 28+  |    512 |  0  |      0 |
| 29   |    512 |  0  |      0 |
| 29+  |    512 |  1  |      0 |
| 30   |    512 |  1  |      0 |
| 30+  |   1024 |  0  |      0 |
| 31   |   1024 |  0  |      0 |
| 31+  |   1024 |  1  |      0 |
| 32   |   1024 |  1  |      0 |
| 32+  |   2048 |  0  |      0 |
| 33   |   2048 |  0  |      0 |
| 33+  |   2048 |  1  |      0 |
| 34   |   2048 |  1  |      0 |
| 34+  |   4096 |  0  |      0 |
| 35   |   4096 |  0  |      0 |
| 35+  |   4096 |  1  |      0 |
| 36   |   4096 |  1  |      0 |
| 36+  |   8192 |  0  |      0 |
| 37   |   8192 |  0  |      0 |
| 37+  |   8192 |  1  |      0 |
| 38   |   8192 |  1  |      0 |
| 38+  |  16384 |  0  |      0 |
| 39   |  16384 |  0  |      0 |
| 39+  |  16384 |  1  |      0 |
| 40   |  16384 |  1  |      0 |
| 40+  | -32768 |  0  |      0 |
| 41   | -32768 |  0  |      0 |
| 41+  | -32768 |  1  |      0 |
| 42   | -32768 |  1  |      0 |
| 42+  |     -2 |  0  |      0 |
| 43   |     -2 |  0  |      0 |
| 43+  |     -2 |  1  |      0 |
| 44   |     -2 |  1  |      0 |
| 44+  |     -3 |  0  |      0 |
| 45   |     -3 |  0  |      0 |
| 45+  |     -3 |  1  |      0 |
| 46   |     -3 |  1  |      0 |
| 46+  |     -5 |  0  |      0 |
| 47   |     -5 |  0  |      0 |
| 47+  |     -5 |  1  |      0 |
| 48   |     -5 |  1  |      0 |
| 48+  |     -9 |  0  |      0 |
| 49   |     -9 |  0  |      0 |
| 49+  |     -9 |  1  |      0 |
| 50   |     -9 |  1  |      0 |
| 50+  |    -17 |  0  |      0 |
| 51   |    -17 |  0  |      0 |
| 51+  |    -17 |  1  |      0 |
| 52   |    -17 |  1  |      0 |
| 52+  |    -33 |  0  |      0 |
| 53   |    -33 |  0  |      0 |
| 53+  |    -33 |  1  |      0 |
| 54   |    -33 |  1  |      0 |
| 54+  |    -65 |  0  |      0 |
| 55   |    -65 |  0  |      0 |
| 55+  |    -65 |  1  |      0 |
| 56   |    -65 |  1  |      0 |
| 56+  |   -129 |  0  |      0 |
| 57   |   -129 |  0  |      0 |
| 57+  |   -129 |  1  |      0 |
| 58   |   -129 |  1  |      0 |
| 58+  |   -257 |  0  |      0 |
| 59   |   -257 |  0  |      0 |
| 59+  |   -257 |  1  |      0 |
| 60   |   -257 |  1  |      0 |
| 60+  |   -513 |  0  |      0 |
| 61   |   -513 |  0  |      0 |
| 61+  |   -513 |  1  |      0 |
| 62   |   -513 |  1  |      0 |
| 62+  |  -1025 |  0  |      0 |
| 63   |  -1025 |  0  |      0 |
| 63+  |  -1025 |  1  |      0 |
| 64   |  -1025 |  1  |      0 |
| 64+  |  -2049 |  0  |      0 |
| 65   |  -2049 |  0  |      0 |
| 65+  |  -2049 |  1  |      0 |
| 66   |  -2049 |  1  |      0 |
| 66+  |  -4097 |  0  |      0 |
| 67   |  -4097 |  0  |      0 |
| 67+  |  -4097 |  1  |      0 |
| 68   |  -4097 |  1  |      0 |
| 68+  |  -8193 |  0  |      0 |
| 69   |  -8193 |  0  |      0 |
| 69+  |  -8193 |  1  |      0 |
| 70   |  -8193 |  1  |      0 |
| 70+  | -16385 |  0  |      0 |
| 71   | -16385 |  0  |      0 |
| 71+  | -16385 |  1  |      0 |
| 72   | -16385 |  1  |      0 |
| 72+  |  32767 |  0  |      0 |
| 73   |  32767 |  0  |      0 |
| 73+  |  32767 |  1  |      0 |
| 74   |  32767 |  1  |      0 |
