| time |   in   |load |address |  out   |
| 0+   |      0 |  0  |     0  |      0 |
| 1    |      0 |  0  |     0  |      0 |
| 1+   |      0 |  1  |     0  |      0 |
| 2    |      0 |  1  |     0  |      0 |
| 2+   |   1111 |  0  |     0  |      0 |
| 3    |   1111 |  0  |     0  |      0 |
| 3+   |   1111 |  1  |  1111  |      0 |
| 4    |   1111 |  1  |  1111  |      0 |
| 4+   |   1111 |  0  |     0  |      0 |
| 5    |   1111 |  0  |     0  |      0 |
| 5+   |   3513 |  0  |  3513  |      0 |
| 6    |   3513 |  0  |  3513  |      0 |
| 6+   |   3513 |  1  |  3513  |      0 |
| 7    |   3513 |  1  |  3513  |      0 |
| 7+   |   3513 |  0  |  3513  |      0 |
| 8    |   3513 |  0  |  3513  |      0 |
| 8    |   3513 |  0  |  1111  |      0 |
| 8+   |   4095 |  0  |  1111  |      0 |
| 9    |   4095 |  0  |  1111  |      0 |
| 9+   |   4095 |  1  |  4095  |      0 |
| 10   |   4095 |  1  |  4095  |      0 |
| 10+  |   4095 |  0  |  4095  |      0 |
| 11   |   4095 |  0  |  4095  |      0 |
| 11   |   4095 |  0  |  3513  |      0 |
| 11   |   4095 |  0  |  4095  |      0 |
| 11+  |   4095 |  0  |  2728  |      0 |
| 12   |   4095 |  0  |  2728  |      0 |
| 12   |   4095 |  0  |  2729  |      0 |
| 12   |   4095 |  0  |  2730  |      0 |
| 12   |   4095 |  0  |  2731  |      0 |
| 12   |   4095 |  0  |  2732  |      0 |
| 12   |   4095 |  0  |  2733  |      0 |
| 12   |   4095 |  0  |  2734  |      0 |
| 12   |   4095 |  0  |  2735  |      0 |
| 12+  |  21845 |  1  |  2728  |      0 |
| 13   |  21845 |  1  |  2728  |      0 |
| 13+  |  21845 |  1  |  2729  |      0 |
| 14   |  21845 |  1  |  2729  |      0 |
| 14+  |  21845 |  1  |  2730  |      0 |
| 15   |  21845 |  1  |  2730  |      0 |
| 15+  |  21845 |  1  |  2731  |      0 |
| 16   |  21845 |  1  |  2731  |      0 |
| 16+  |  21845 |  1  |  2732  |      0 |
| 17   |  21845 |  1  |  2732  |      0 |
| 17+  |  21845 |  1  |  2733  |      0 |
| 18   |  21845 |  1  |  2733  |      0 |
| 18+  |  21845 |  1  |  2734  |      0 |
| 19   |  21845 |  1  |  2734  |      0 |
| 19+  |  21845 |  1  |  2735  |      0 |
| 20   |  21845 |  1  |  2735  |      0 |
| 20+  |  21845 |  0  |  2728  |      0 |
| 21   |  21845 |  0  |  2728  |      0 |
| 21   |  21845 |  0  |  2729  |      0 |
| 21   |  21845 |  0  |  2730  |      0 |
| 21   |  21845 |  0  |  2731  |      0 |
| 21   |  21845 |  0  |  2732  |      0 |
| 21   |  21845 |  0  |  2733  |      0 |
| 21   |  21845 |  0  |  2734  |      0 |
| 21   |  21845 |  0  |  2735  |      0 |
| 21+  | -21846 |  1  |  2728  |      0 |
| 22   | -21846 |  1  |  2728  |      0 |
| 22+  | -21846 |  0  |  2728  |      0 |
| 23   | -21846 |  0  |  2728  |      0 |
| 23   | -21846 |  0  |  2729  |      0 |
| 23   | -21846 |  0  |  2730  |      0 |
| 23   | -21846 |  0  |  2731  |      0 |
| 23   | -21846 |  0  |  2732  |      0 |
| 23   | -21846 |  0  |  2733  |      0 |
| 23   | -21846 |  0  |  2734  |      0 |
| 23   | -21846 |  0  |  2735  |      0 |
| 23+  |  21845 |  1  |  2728  |      0 |
| 24   |  21845 |  1  |  2728  |      0 |
| 24+  | -21846 |  1  |  2729  |      0 |
| 25   | -21846 |  1  |  2729  |      0 |
| 25+  | -21846 |  0  |  2728  |      0 |
| 26   | -21846 |  0  |  2728  |      0 |
| 26   | -21846 |  0  |  2729  |      0 |
| 26   | -21846 |  0  |  2730  |      0 |
| 26   | -21846 |  0  |  2731  |      0 |
| 26   | -21846 |  0  |  2732  |      0 |
| 26   | -21846 |  0  |  2733  |      0 |
| 26   | -21846 |  0  |  2734  |      0 |
| 26   | -21846 |  0  |  2735  |      0 |
| 26+  |  21845 |  1  |  2729  |      0 |
| 27   |  21845 |  1  |  2729  |      0 |
| 27+  | -21846 |  1  |  2730  |      0 |
| 28   | -21846 |  1  |  2730  |      0 |
| 28+  | -21846 |  0  |  2728  |      0 |
| 29   | -21846 |  0  |  2728  |      0 |
| 29   | -21846 |  0  |  2729  |      0 |
| 29   | -21846 |  0  |  2730  |      0 |
| 29   | -21846 |  0  |  2731  |      0 |
| 29   | -21846 |  0  |  2732  |      0 |
| 29   | -21846 |  0  |  2733  |      0 |
| 29   | -21846 |  0  |  2734  |      0 |
| 29   | -21846 |  0  |  2735  |      0 |
| 29+  |  21845 |  1  |  2730  |      0 |
| 30   |  21845 |  1  |  2730  |      0 |
| 30+  | -21846 |  1  |  2731  |      0 |
| 31   | -21846 |  1  |  2731  |      0 |
| 31+  | -21846 |  0  |  2728  |      0 |
| 32   | -21846 |  0  |  2728  |      0 |
| 32   | -21846 |  0  |  2729  |      0 |
| 32   | -21846 |  0  |  2730  |      0 |
| 32   | -21846 |  0  |  2731  |      0 |
| 32   | -21846 |  0  |  2732  |      0 |
| 32   | -21846 |  0  |  2733  |      0 |
| 32   | -21846 |  0  |  2734  |      0 |
| 32   | -21846 |  0  |  2735  |      0 |
| 32+  |  21845 |  1  |  2731  |      0 |
| 33   |  21845 |  1  |  2731  |      0 |
| 33+  | -21846 |  1  |  2732  |      0 |
| 34   | -21846 |  1  |  2732  |      0 |
| 34+  | -21846 |  0  |  2728  |      0 |
| 35   | -21846 |  0  |  2728  |      0 |
| 35   | -21846 |  0  |  2729  |      0 |
| 35   | -21846 |  0  |  2730  |      0 |
| 35   | -21846 |  0  |  2731  |      0 |
| 35   | -21846 |  0  |  2732  |      0 |
| 35   | -21846 |  0  |  2733  |      0 |
| 35   | -21846 |  0  |  2734  |      0 |
| 35   | -21846 |  0  |  2735  |      0 |
| 35+  |  21845 |  1  |  2732  |      0 |
| 36   |  21845 |  1  |  2732  |      0 |
| 36+  | -21846 |  1  |  2733  |      0 |
| 37   | -21846 |  1  |  2733  |      0 |
| 37+  | -21846 |  0  |  2728  |      0 |
| 38   | -21846 |  0  |  2728  |      0 |
| 38   | -21846 |  0  |  2729  |      0 |
| 38   | -21846 |  0  |  2730  |      0 |
| 38   | -21846 |  0  |  2731  |      0 |
| 38   | -21846 |  0  |  2732  |      0 |
| 38   | -21846 |  0  |  2733  |      0 |
| 38   | -21846 |  0  |  2734  |      0 |
| 38   | -21846 |  0  |  2735  |      0 |
| 38+  |  21845 |  1  |  2733  |      0 |
| 39   |  21845 |  1  |  2733  |      0 |
| 39+  | -21846 |  1  |  2734  |      0 |
| 40   | -21846 |  1  |  2734  |      0 |
| 40+  | -21846 |  0  |  2728  |      0 |
| 41   | -21846 |  0  |  2728  |      0 |
| 41   | -21846 |  0  |  2729  |      0 |
| 41   | -21846 |  0  |  2730  |      0 |
| 41   | -21846 |  0  |  2731  |      0 |
| 41   | -21846 |  0  |  2732  |      0 |
| 41   | -21846 |  0  |  2733  |      0 |
| 41   | -21846 |  0  |  2734  |      0 |
| 41   | -21846 |  0  |  2735  |      0 |
| 41+  |  21845 |  1  |  2734  |      0 |
| 42   |  21845 |  1  |  2734  |      0 |
| 42+  | -21846 |  1  |  2735  |      0 |
| 43   | -21846 |  1  |  2735  |      0 |
| 43+  | -21846 |  0  |  2728  |      0 |
| 44   | -21846 |  0  |  2728  |      0 |
| 44   | -21846 |  0  |  2729  |      0 |
| 44   | -21846 |  0  |  2730  |      0 |
| 44   | -21846 |  0  |  2731  |      0 |
| 44   | -21846 |  0  |  2732  |      0 |
| 44   | -21846 |  0  |  2733  |      0 |
| 44   | -21846 |  0  |  2734  |      0 |
| 44   | -21846 |  0  |  2735  |      0 |
| 44+  |  21845 |  1  |  2735  |      0 |
| 45   |  21845 |  1  |  2735  |      0 |
| 45+  |  21845 |  0  |  2728  |      0 |
| 46   |  21845 |  0  |  2728  |      0 |
| 46   |  21845 |  0  |  2729  |      0 |
| 46   |  21845 |  0  |  2730  |      0 |
| 46   |  21845 |  0  |  2731  |      0 |
| 46   |  21845 |  0  |  2732  |      0 |
| 46   |  21845 |  0  |  2733  |      0 |
| 46   |  21845 |  0  |  2734  |      0 |
| 46   |  21845 |  0  |  2735  |      0 |
| 46+  |  21845 |  0  |   341  |      0 |
| 47   |  21845 |  0  |   341  |      0 |
| 47   |  21845 |  0  |   853  |      0 |
| 47   |  21845 |  0  |  1365  |      0 |
| 47   |  21845 |  0  |  1877  |      0 |
| 47   |  21845 |  0  |  2389  |      0 |
| 47   |  21845 |  0  |  2901  |      0 |
| 47   |  21845 |  0  |  3413  |      0 |
| 47   |  21845 |  0  |  3925  |      0 |
| 47+  |  21845 |  1  |   341  |      0 |
| 48   |  21845 |  1  |   341  |      0 |
| 48+  |  21845 |  1  |   853  |      0 |
| 49   |  21845 |  1  |   853  |      0 |
| 49+  |  21845 |  1  |  1365  |      0 |
| 50   |  21845 |  1  |  1365  |      0 |
| 50+  |  21845 |  1  |  1877  |      0 |
| 51   |  21845 |  1  |  1877  |      0 |
| 51+  |  21845 |  1  |  2389  |      0 |
| 52   |  21845 |  1  |  2389  |      0 |
| 52+  |  21845 |  1  |  2901  |      0 |
| 53   |  21845 |  1  |  2901  |      0 |
| 53+  |  21845 |  1  |  3413  |      0 |
| 54   |  21845 |  1  |  3413  |      0 |
| 54+  |  21845 |  1  |  3925  |      0 |
| 55   |  21845 |  1  |  3925  |      0 |
| 55+  |  21845 |  0  |   341  |      0 |
| 56   |  21845 |  0  |   341  |      0 |
| 56   |  21845 |  0  |   853  |      0 |
| 56   |  21845 |  0  |  1365  |      0 |
| 56   |  21845 |  0  |  1877  |      0 |
| 56   |  21845 |  0  |  2389  |      0 |
| 56   |  21845 |  0  |  2901  |      0 |
| 56   |  21845 |  0  |  3413  |      0 |
| 56   |  21845 |  0  |  3925  |      0 |
| 56+  | -21846 |  1  |   341  |      0 |
| 57   | -21846 |  1  |   341  |      0 |
| 57+  | -21846 |  0  |   341  |      0 |
| 58   | -21846 |  0  |   341  |      0 |
| 58   | -21846 |  0  |   853  |      0 |
| 58   | -21846 |  0  |  1365  |      0 |
| 58   | -21846 |  0  |  1877  |      0 |
| 58   | -21846 |  0  |  2389  |      0 |
| 58   | -21846 |  0  |  2901  |      0 |
| 58   | -21846 |  0  |  3413  |      0 |
| 58   | -21846 |  0  |  3925  |      0 |
| 58+  |  21845 |  1  |   341  |      0 |
| 59   |  21845 |  1  |   341  |      0 |
| 59+  | -21846 |  1  |   853  |      0 |
| 60   | -21846 |  1  |   853  |      0 |
| 60+  | -21846 |  0  |   341  |      0 |
| 61   | -21846 |  0  |   341  |      0 |
| 61   | -21846 |  0  |   853  |      0 |
| 61   | -21846 |  0  |  1365  |      0 |
| 61   | -21846 |  0  |  1877  |      0 |
| 61   | -21846 |  0  |  2389  |      0 |
| 61   | -21846 |  0  |  2901  |      0 |
| 61   | -21846 |  0  |  3413  |      0 |
| 61   | -21846 |  0  |  3925  |      0 |
| 61+  |  21845 |  1  |   853  |      0 |
| 62   |  21845 |  1  |   853  |      0 |
| 62+  | -21846 |  1  |  1365  |      0 |
| 63   | -21846 |  1  |  1365  |      0 |
| 63+  | -21846 |  0  |   341  |      0 |
| 64   | -21846 |  0  |   341  |      0 |
| 64   | -21846 |  0  |   853  |      0 |
| 64   | -21846 |  0  |  1365  |      0 |
| 64   | -21846 |  0  |  1877  |      0 |
| 64   | -21846 |  0  |  2389  |      0 |
| 64   | -21846 |  0  |  2901  |      0 |
| 64   | -21846 |  0  |  3413  |      0 |
| 64   | -21846 |  0  |  3925  |      0 |
| 64+  |  21845 |  1  |  1365  |      0 |
| 65   |  21845 |  1  |  1365  |      0 |
| 65+  | -21846 |  1  |  1877  |      0 |
| 66   | -21846 |  1  |  1877  |      0 |
| 66+  | -21846 |  0  |   341  |      0 |
| 67   | -21846 |  0  |   341  |      0 |
| 67   | -21846 |  0  |   853  |      0 |
| 67   | -21846 |  0  |  1365  |      0 |
| 67   | -21846 |  0  |  1877  |      0 |
| 67   | -21846 |  0  |  2389  |      0 |
| 67   | -21846 |  0  |  2901  |      0 |
| 67   | -21846 |  0  |  3413  |      0 |
| 67   | -21846 |  0  |  3925  |      0 |
| 67+  |  21845 |  1  |  1877  |      0 |
| 68   |  21845 |  1  |  1877  |      0 |
| 68+  | -21846 |  1  |  2389  |      0 |
| 69   | -21846 |  1  |  2389  |      0 |
| 69+  | -21846 |  0  |   341  |      0 |
| 70   | -21846 |  0  |   341  |      0 |
| 70   | -21846 |  0  |   853  |      0 |
| 70   | -21846 |  0  |  1365  |      0 |
| 70   | -21846 |  0  |  1877  |      0 |
| 70   | -21846 |  0  |  2389  |      0 |
| 70   | -21846 |  0  |  2901  |      0 |
| 70   | -21846 |  0  |  3413  |      0 |
| 70   | -21846 |  0  |  3925  |      0 |
| 70+  |  21845 |  1  |  2389  |      0 |
| 71   |  21845 |  1  |  2389  |      0 |
| 71+  | -21846 |  1  |  2901  |      0 |
| 72   | -21846 |  1  |  2901  |      0 |
| 72+  | -21846 |  0  |   341  |      0 |
| 73   | -21846 |  0  |   341  |      0 |
| 73   | -21846 |  0  |   853  |      0 |
| 73   | -21846 |  0  |  1365  |      0 |
| 73   | -21846 |  0  |  1877  |      0 |
| 73   | -21846 |  0  |  2389  |      0 |
| 73   | -21846 |  0  |  2901  |      0 |
| 73   | -21846 |  0  |  3413  |      0 |
| 73   | -21846 |  0  |  3925  |      0 |
| 73+  |  21845 |  1  |  2901  |      0 |
| 74   |  21845 |  1  |  2901  |      0 |
| 74+  | -21846 |  1  |  3413  |      0 |
| 75   | -21846 |  1  |  3413  |      0 |
| 75+  | -21846 |  0  |   341  |      0 |
| 76   | -21846 |  0  |   341  |      0 |
| 76   | -21846 |  0  |   853  |      0 |
| 76   | -21846 |  0  |  1365  |      0 |
| 76   | -21846 |  0  |  1877  |      0 |
| 76   | -21846 |  0  |  2389  |      0 |
| 76   | -21846 |  0  |  2901  |      0 |
| 76   | -21846 |  0  |  3413  |      0 |
| 76   | -21846 |  0  |  3925  |      0 |
| 76+  |  21845 |  1  |  3413  |      0 |
| 77   |  21845 |  1  |  3413  |      0 |
| 77+  | -21846 |  1  |  3925  |      0 |
| 78   | -21846 |  1  |  3925  |      0 |
| 78+  | -21846 |  0  |   341  |      0 |
| 79   | -21846 |  0  |   341  |      0 |
| 79   | -21846 |  0  |   853  |      0 |
| 79   | -21846 |  0  |  1365  |      0 |
| 79   | -21846 |  0  |  1877  |      0 |
| 79   | -21846 |  0  |  2389  |      0 |
| 79   | -21846 |  0  |  2901  |      0 |
| 79   | -21846 |  0  |  3413  |      0 |
| 79   | -21846 |  0  |  3925  |      0 |
| 79+  |  21845 |  1  |  3925  |      0 |
| 80   |  21845 |  1  |  3925  |      0 |
| 80+  |  21845 |  0  |   341  |      0 |
| 81   |  21845 |  0  |   341  |      0 |
| 81   |  21845 |  0  |   853  |      0 |
| 81   |  21845 |  0  |  1365  |      0 |
| 81   |  21845 |  0  |  1877  |      0 |
| 81   |  21845 |  0  |  2389  |      0 |
| 81   |  21845 |  0  |  2901  |      0 |
| 81   |  21845 |  0  |  3413  |      0 |
| 81   |  21845 |  0  |  3925  |      0 |
